         title          
------------------------
 AFRICAN EGG
 APACHE DIVINE
 ATLANTIS CAUSE
 BAKED CLEOPATRA
 BANG KWAI
 BEDAZZLED MARRIED
 BILKO ANONYMOUS
 BLANKET BEVERLY
 BLOOD ARGONAUTS
 BLUES INSTINCT
 BRAVEHEART HUMAN
 CHASING FIGHT
 CHISUM BEHAVIOR
 CHOCOLAT HARRY
 CONFUSED CANDLES
 CONVERSATION DOWNHILL
 DATE SPEED
 DINOSAUR SECRETARY
 DUMBO LUST
 EARRING INSTINCT
 EFFECT GLADIATOR
 FEUD FROGMEN
 FINDING ANACONDA
 GABLES METROPOLIS
 GANDHI KWAI
 GLADIATOR WESTWARD
 GREASE YOUTH
 HALF OUTFIELD
 HOCUS FRIDA
 HOMICIDE PEACH
 HOUSE DYNAMITE
 HUNTING MUSKETEERS
 INDIAN LOVE
 JASON TRAP
 JEDI BENEATH
 KILLER INNOCENT
 KING EVOLUTION
 LOLITA WORLD
 LOUISIANA HARRY
 MAGUIRE APACHE
 MANCHURIAN CURTAIN
 MOVIE SHAKESPEARE
 MUSIC BOONDOCK
 NATURAL STOCK
 NETWORK PEAK
 ODDS BOOGIE
 OPPOSITE NECKLACE
 PILOT HOOSIERS
 PITTSBURGH HUNCHBACK
 PRESIDENT BANG
 PRIX UNDEFEATED
 RAGE GAMES
 RANGE MOONWALKER
 REMEMBER DIARY
 RESURRECTION SILVERADO
 ROBBERY BRIGHT
 RUSH GOODFELLAS
 SECRETS PARADISE
 SENSIBILITY REAR
 SIEGE MADRE
 SLUMS DUCK
 SOUP WISDOM
 SPARTACUS CHEAPER
 SPINAL ROCKY
 SPLASH GUMP
 SUNSET RACER
 SUPER WYOMING
 VIRTUAL SPOILERS
 WILLOW TRACY
(69 rows)
